#! /opt/homebrew/Cellar/icarus-verilog/12.0/bin/vvp
:ivl_version "12.0 (stable)";
:ivl_delay_selection "TYPICAL";
:vpi_time_precision - 12;
:vpi_module "/opt/homebrew/Cellar/icarus-verilog/12.0/lib/ivl/system.vpi";
:vpi_module "/opt/homebrew/Cellar/icarus-verilog/12.0/lib/ivl/vhdl_sys.vpi";
:vpi_module "/opt/homebrew/Cellar/icarus-verilog/12.0/lib/ivl/vhdl_textio.vpi";
:vpi_module "/opt/homebrew/Cellar/icarus-verilog/12.0/lib/ivl/v2005_math.vpi";
:vpi_module "/opt/homebrew/Cellar/icarus-verilog/12.0/lib/ivl/va_math.vpi";
S_0x1357041c0 .scope module, "tb_analog2pwm" "tb_analog2pwm" 2 4;
 .timescale -9 -12;
v0x6000034fc240_0 .var "analog", 15 0;
v0x6000034fc2d0_0 .var "clk", 0 0;
v0x6000034fc360_0 .net "out_clk", 0 0, v0x6000034fc1b0_0;  1 drivers
S_0x135605120 .scope module, "uut" "analog2pwm_module" 2 11, 3 1 0, S_0x1357041c0;
 .timescale 0 0;
    .port_info 0 /INPUT 1 "clk";
    .port_info 1 /INPUT 16 "analog";
    .port_info 2 /OUTPUT 1 "out_clk";
v0x6000034fc000_0 .net "analog", 15 0, v0x6000034fc240_0;  1 drivers
v0x6000034fc090_0 .net "clk", 0 0, v0x6000034fc2d0_0;  1 drivers
v0x6000034fc120_0 .var "counter", 15 0;
v0x6000034fc1b0_0 .var "out_clk", 0 0;
E_0x6000013fcf40 .event posedge, v0x6000034fc090_0;
    .scope S_0x135605120;
T_0 ;
    %pushi/vec4 0, 0, 16;
    %store/vec4 v0x6000034fc120_0, 0, 16;
    %end;
    .thread T_0;
    .scope S_0x135605120;
T_1 ;
    %wait E_0x6000013fcf40;
    %load/vec4 v0x6000034fc120_0;
    %addi 1, 0, 16;
    %assign/vec4 v0x6000034fc120_0, 0;
    %load/vec4 v0x6000034fc000_0;
    %load/vec4 v0x6000034fc120_0;
    %cmp/u;
    %jmp/0xz  T_1.0, 5;
    %pushi/vec4 1, 0, 1;
    %assign/vec4 v0x6000034fc1b0_0, 0;
    %jmp T_1.1;
T_1.0 ;
    %pushi/vec4 0, 0, 1;
    %assign/vec4 v0x6000034fc1b0_0, 0;
T_1.1 ;
    %jmp T_1;
    .thread T_1;
    .scope S_0x1357041c0;
T_2 ;
    %pushi/vec4 255, 0, 16;
    %store/vec4 v0x6000034fc240_0, 0, 16;
    %end;
    .thread T_2;
    .scope S_0x1357041c0;
T_3 ;
    %pushi/vec4 0, 0, 1;
    %store/vec4 v0x6000034fc2d0_0, 0, 1;
T_3.0 ;
    %delay 5000, 0;
    %load/vec4 v0x6000034fc2d0_0;
    %inv;
    %store/vec4 v0x6000034fc2d0_0, 0, 1;
    %jmp T_3.0;
    %end;
    .thread T_3;
    .scope S_0x1357041c0;
T_4 ;
    %delay 1000000, 0;
    %vpi_call 2 28 "$finish" {0 0 0};
    %end;
    .thread T_4;
# The file index is used to find the file name in the following table.
:file_names 4;
    "N/A";
    "<interactive>";
    "tb_analog2pwm.v";
    "analog2pwm_module.v";
